{"meta": {"format": 3, "version": "7.11.0", "timestamp": "2025-11-17T09:30:18.268247", "branch_coverage": false, "show_contexts": false}, "files": {"src/crypto_data/__init__.py": {"executed_lines": [1, 31, 32, 33, 34, 37, 56, 57, 59], "summary": {"covered_lines": 8, "num_statements": 8, "percent_covered": 100.0, "percent_covered_display": "100.00", "missing_lines": 0, "excluded_lines": 0}, "missing_lines": [], "excluded_lines": [], "functions": {"": {"executed_lines": [1, 31, 32, 33, 34, 37, 56, 57, 59], "summary": {"covered_lines": 8, "num_statements": 8, "percent_covered": 100.0, "percent_covered_display": "100.00", "missing_lines": 0, "excluded_lines": 0}, "missing_lines": [], "excluded_lines": []}}, "classes": {"": {"executed_lines": [1, 31, 32, 33, 34, 37, 56, 57, 59], "summary": {"covered_lines": 8, "num_statements": 8, "percent_covered": 100.0, "percent_covered_display": "100.00", "missing_lines": 0, "excluded_lines": 0}, "missing_lines": [], "excluded_lines": []}}}, "src/crypto_data/clients/__init__.py": {"executed_lines": [1, 13, 14, 17], "summary": {"covered_lines": 3, "num_statements": 3, "percent_covered": 100.0, "percent_covered_display": "100.00", "missing_lines": 0, "excluded_lines": 0}, "missing_lines": [], "excluded_lines": [], "functions": {"": {"executed_lines": [1, 13, 14, 17], "summary": {"covered_lines": 3, "num_statements": 3, "percent_covered": 100.0, "percent_covered_display": "100.00", "missing_lines": 0, "excluded_lines": 0}, "missing_lines": [], "excluded_lines": []}}, "classes": {"": {"executed_lines": [1, 13, 14, 17], "summary": {"covered_lines": 3, "num_statements": 3, "percent_covered": 100.0, "percent_covered_display": "100.00", "missing_lines": 0, "excluded_lines": 0}, "missing_lines": [], "excluded_lines": []}}}, "src/crypto_data/clients/binance_vision_async.py": {"executed_lines": [1, 10, 11, 12, 13, 14, 15, 17, 20, 21, 30, 37, 56, 57, 58, 59, 60, 62, 66, 68, 69, 70, 72, 74, 75, 77, 127, 128, 131, 132, 137, 138, 139, 141, 144, 145, 146, 148, 149, 150, 153, 156, 160, 161, 162, 163, 164, 165, 166, 167, 168, 169, 171, 174, 175, 180, 181, 182, 183, 184, 185, 188, 189, 191, 193, 194, 195, 197, 241, 242, 245, 246, 247, 249, 252, 253, 254, 256, 257, 258, 261, 264, 268, 269, 270, 271, 277, 279, 282, 283, 288, 289, 290, 291, 292, 293, 296, 297, 299, 301, 302, 303, 305, 349, 353, 354, 355, 357, 360, 361, 362, 364, 369, 372, 376, 377, 378, 379, 380, 381, 382, 383, 384, 390, 391, 396, 397, 404, 405, 407, 413, 446, 447, 451, 452, 453], "summary": {"covered_lines": 134, "num_statements": 151, "percent_covered": 88.74172185430463, "percent_covered_display": "88.74", "missing_lines": 17, "excluded_lines": 0}, "missing_lines": [272, 273, 274, 275, 276, 350, 365, 366, 385, 387, 398, 399, 400, 401, 409, 410, 411], "excluded_lines": [], "functions": {"BinanceDataVisionClientAsync.__init__": {"executed_lines": [56, 57, 58, 59, 60, 62], "summary": {"covered_lines": 6, "num_statements": 6, "percent_covered": 100.0, "percent_covered_display": "100.00", "missing_lines": 0, "excluded_lines": 0}, "missing_lines": [], "excluded_lines": []}, "BinanceDataVisionClientAsync.__aenter__": {"executed_lines": [68, 69, 70], "summary": {"covered_lines": 3, "num_statements": 3, "percent_covered": 100.0, "percent_covered_display": "100.00", "missing_lines": 0, "excluded_lines": 0}, "missing_lines": [], "excluded_lines": []}, "BinanceDataVisionClientAsync.__aexit__": {"executed_lines": [74, 75], "summary": {"covered_lines": 2, "num_statements": 2, "percent_covered": 100.0, "percent_covered_display": "100.00", "missing_lines": 0, "excluded_lines": 0}, "missing_lines": [], "excluded_lines": []}, "BinanceDataVisionClientAsync.download_klines": {"executed_lines": [127, 128, 131, 132, 137, 138, 139, 141, 144, 145, 146, 148, 149, 150, 153, 156, 160, 161, 162, 163, 164, 165, 166, 167, 168, 169, 171, 174, 175, 180, 181, 182, 183, 184, 185, 188, 189, 191, 193, 194, 195], "summary": {"covered_lines": 41, "num_statements": 41, "percent_covered": 100.0, "percent_covered_display": "100.00", "missing_lines": 0, "excluded_lines": 0}, "missing_lines": [], "excluded_lines": []}, "BinanceDataVisionClientAsync.download_metrics": {"executed_lines": [241, 242, 245, 246, 247, 249, 252, 253, 254, 256, 257, 258, 261, 264, 268, 269, 270, 271, 277, 279, 282, 283, 288, 289, 290, 291, 292, 293, 296, 297, 299, 301, 302, 303], "summary": {"covered_lines": 34, "num_statements": 39, "percent_covered": 87.17948717948718, "percent_covered_display": "87.18", "missing_lines": 5, "excluded_lines": 0}, "missing_lines": [272, 273, 274, 275, 276], "excluded_lines": []}, "BinanceDataVisionClientAsync.download_funding_rates": {"executed_lines": [349, 353, 354, 355, 357, 360, 361, 362, 364, 369, 372, 376, 377, 378, 379, 380, 381, 382, 383, 384, 390, 391, 396, 397, 404, 405, 407], "summary": {"covered_lines": 27, "num_statements": 39, "percent_covered": 69.23076923076923, "percent_covered_display": "69.23", "missing_lines": 12, "excluded_lines": 0}, "missing_lines": [350, 365, 366, 385, 387, 398, 399, 400, 401, 409, 410, 411], "excluded_lines": []}, "BinanceDataVisionClientAsync.get_download_url": {"executed_lines": [446, 447, 451, 452, 453], "summary": {"covered_lines": 5, "num_statements": 5, "percent_covered": 100.0, "percent_covered_display": "100.00", "missing_lines": 0, "excluded_lines": 0}, "missing_lines": [], "excluded_lines": []}, "": {"executed_lines": [1, 10, 11, 12, 13, 14, 15, 17, 20, 21, 30, 37, 66, 72, 77, 197, 305, 413], "summary": {"covered_lines": 16, "num_statements": 16, "percent_covered": 100.0, "percent_covered_display": "100.00", "missing_lines": 0, "excluded_lines": 0}, "missing_lines": [], "excluded_lines": []}}, "classes": {"BinanceDataVisionClientAsync": {"executed_lines": [56, 57, 58, 59, 60, 62, 68, 69, 70, 74, 75, 127, 128, 131, 132, 137, 138, 139, 141, 144, 145, 146, 148, 149, 150, 153, 156, 160, 161, 162, 163, 164, 165, 166, 167, 168, 169, 171, 174, 175, 180, 181, 182, 183, 184, 185, 188, 189, 191, 193, 194, 195, 241, 242, 245, 246, 247, 249, 252, 253, 254, 256, 257, 258, 261, 264, 268, 269, 270, 271, 277, 279, 282, 283, 288, 289, 290, 291, 292, 293, 296, 297, 299, 301, 302, 303, 349, 353, 354, 355, 357, 360, 361, 362, 364, 369, 372, 376, 377, 378, 379, 380, 381, 382, 383, 384, 390, 391, 396, 397, 404, 405, 407, 446, 447, 451, 452, 453], "summary": {"covered_lines": 118, "num_statements": 135, "percent_covered": 87.4074074074074, "percent_covered_display": "87.41", "missing_lines": 17, "excluded_lines": 0}, "missing_lines": [272, 273, 274, 275, 276, 350, 365, 366, 385, 387, 398, 399, 400, 401, 409, 410, 411], "excluded_lines": []}, "": {"executed_lines": [1, 10, 11, 12, 13, 14, 15, 17, 20, 21, 30, 37, 66, 72, 77, 197, 305, 413], "summary": {"covered_lines": 16, "num_statements": 16, "percent_covered": 100.0, "percent_covered_display": "100.00", "missing_lines": 0, "excluded_lines": 0}, "missing_lines": [], "excluded_lines": []}}}, "src/crypto_data/clients/coinmarketcap.py": {"executed_lines": [1, 8, 9, 10, 11, 13, 16, 17, 33, 60, 61, 62, 63, 64, 65, 67, 68, 70, 72, 74, 75, 77, 79, 80, 82, 113, 114, 123, 125, 127, 128, 129, 131, 132, 134, 162, 165, 166, 167, 168, 174, 176, 177, 181, 182, 184, 185, 187, 189, 190, 194, 195, 201, 204, 206, 208, 209, 210, 211, 213, 214], "summary": {"covered_lines": 59, "num_statements": 63, "percent_covered": 93.65079365079364, "percent_covered_display": "93.65", "missing_lines": 4, "excluded_lines": 0}, "missing_lines": [163, 197, 198, 217], "excluded_lines": [], "functions": {"CoinMarketCapClient.__init__": {"executed_lines": [60, 61, 62, 63, 64, 65, 67, 68, 70], "summary": {"covered_lines": 9, "num_statements": 9, "percent_covered": 100.0, "percent_covered_display": "100.00", "missing_lines": 0, "excluded_lines": 0}, "missing_lines": [], "excluded_lines": []}, "CoinMarketCapClient.__aenter__": {"executed_lines": [74, 75], "summary": {"covered_lines": 2, "num_statements": 2, "percent_covered": 100.0, "percent_covered_display": "100.00", "missing_lines": 0, "excluded_lines": 0}, "missing_lines": [], "excluded_lines": []}, "CoinMarketCapClient.__aexit__": {"executed_lines": [79, 80], "summary": {"covered_lines": 2, "num_statements": 2, "percent_covered": 100.0, "percent_covered_display": "100.00", "missing_lines": 0, "excluded_lines": 0}, "missing_lines": [], "excluded_lines": []}, "CoinMarketCapClient.get_historical_listings": {"executed_lines": [113, 114, 123, 125, 127, 128, 129, 131, 132], "summary": {"covered_lines": 9, "num_statements": 9, "percent_covered": 100.0, "percent_covered_display": "100.00", "missing_lines": 0, "excluded_lines": 0}, "missing_lines": [], "excluded_lines": []}, "CoinMarketCapClient._call_with_retry": {"executed_lines": [162, 165, 166, 167, 168, 174, 176, 177, 181, 182, 184, 185, 187, 189, 190, 194, 195, 201, 204, 206, 208, 209, 210, 211, 213, 214], "summary": {"covered_lines": 26, "num_statements": 30, "percent_covered": 86.66666666666667, "percent_covered_display": "86.67", "missing_lines": 4, "excluded_lines": 0}, "missing_lines": [163, 197, 198, 217], "excluded_lines": []}, "": {"executed_lines": [1, 8, 9, 10, 11, 13, 16, 17, 33, 72, 77, 82, 134], "summary": {"covered_lines": 11, "num_statements": 11, "percent_covered": 100.0, "percent_covered_display": "100.00", "missing_lines": 0, "excluded_lines": 0}, "missing_lines": [], "excluded_lines": []}}, "classes": {"CoinMarketCapClient": {"executed_lines": [60, 61, 62, 63, 64, 65, 67, 68, 70, 74, 75, 79, 80, 113, 114, 123, 125, 127, 128, 129, 131, 132, 162, 165, 166, 167, 168, 174, 176, 177, 181, 182, 184, 185, 187, 189, 190, 194, 195, 201, 204, 206, 208, 209, 210, 211, 213, 214], "summary": {"covered_lines": 48, "num_statements": 52, "percent_covered": 92.3076923076923, "percent_covered_display": "92.31", "missing_lines": 4, "excluded_lines": 0}, "missing_lines": [163, 197, 198, 217], "excluded_lines": []}, "": {"executed_lines": [1, 8, 9, 10, 11, 13, 16, 17, 33, 72, 77, 82, 134], "summary": {"covered_lines": 11, "num_statements": 11, "percent_covered": 100.0, "percent_covered_display": "100.00", "missing_lines": 0, "excluded_lines": 0}, "missing_lines": [], "excluded_lines": []}}}, "src/crypto_data/database.py": {"executed_lines": [1, 8, 9, 10, 12, 15, 16, 33, 42, 43, 46, 48, 51, 53, 55, 57, 58, 59, 60, 61, 63, 65, 67, 87, 92, 94, 96, 116, 121, 123, 125, 136, 141, 143, 145, 156, 161, 163, 165, 177, 182, 184, 198, 200, 202, 203, 205, 207, 209, 211], "summary": {"covered_lines": 48, "num_statements": 48, "percent_covered": 100.0, "percent_covered_display": "100.00", "missing_lines": 0, "excluded_lines": 0}, "missing_lines": [], "excluded_lines": [], "functions": {"CryptoDatabase.__init__": {"executed_lines": [42, 43, 46, 48, 51, 53], "summary": {"covered_lines": 6, "num_statements": 6, "percent_covered": 100.0, "percent_covered_display": "100.00", "missing_lines": 0, "excluded_lines": 0}, "missing_lines": [], "excluded_lines": []}, "CryptoDatabase._create_tables": {"executed_lines": [57, 58, 59, 60, 61, 63], "summary": {"covered_lines": 6, "num_statements": 6, "percent_covered": 100.0, "percent_covered_display": "100.00", "missing_lines": 0, "excluded_lines": 0}, "missing_lines": [], "excluded_lines": []}, "CryptoDatabase._create_spot": {"executed_lines": [67, 87, 92], "summary": {"covered_lines": 3, "num_statements": 3, "percent_covered": 100.0, "percent_covered_display": "100.00", "missing_lines": 0, "excluded_lines": 0}, "missing_lines": [], "excluded_lines": []}, "CryptoDatabase._create_futures": {"executed_lines": [96, 116, 121], "summary": {"covered_lines": 3, "num_statements": 3, "percent_covered": 100.0, "percent_covered_display": "100.00", "missing_lines": 0, "excluded_lines": 0}, "missing_lines": [], "excluded_lines": []}, "CryptoDatabase._create_open_interest": {"executed_lines": [125, 136, 141], "summary": {"covered_lines": 3, "num_statements": 3, "percent_covered": 100.0, "percent_covered_display": "100.00", "missing_lines": 0, "excluded_lines": 0}, "missing_lines": [], "excluded_lines": []}, "CryptoDatabase._create_funding_rates": {"executed_lines": [145, 156, 161], "summary": {"covered_lines": 3, "num_statements": 3, "percent_covered": 100.0, "percent_covered_display": "100.00", "missing_lines": 0, "excluded_lines": 0}, "missing_lines": [], "excluded_lines": []}, "CryptoDatabase._create_crypto_universe": {"executed_lines": [165, 177, 182], "summary": {"covered_lines": 3, "num_statements": 3, "percent_covered": 100.0, "percent_covered_display": "100.00", "missing_lines": 0, "excluded_lines": 0}, "missing_lines": [], "excluded_lines": []}, "CryptoDatabase.execute": {"executed_lines": [198], "summary": {"covered_lines": 1, "num_statements": 1, "percent_covered": 100.0, "percent_covered_display": "100.00", "missing_lines": 0, "excluded_lines": 0}, "missing_lines": [], "excluded_lines": []}, "CryptoDatabase.close": {"executed_lines": [202, 203], "summary": {"covered_lines": 2, "num_statements": 2, "percent_covered": 100.0, "percent_covered_display": "100.00", "missing_lines": 0, "excluded_lines": 0}, "missing_lines": [], "excluded_lines": []}, "CryptoDatabase.__enter__": {"executed_lines": [207], "summary": {"covered_lines": 1, "num_statements": 1, "percent_covered": 100.0, "percent_covered_display": "100.00", "missing_lines": 0, "excluded_lines": 0}, "missing_lines": [], "excluded_lines": []}, "CryptoDatabase.__exit__": {"executed_lines": [211], "summary": {"covered_lines": 1, "num_statements": 1, "percent_covered": 100.0, "percent_covered_display": "100.00", "missing_lines": 0, "excluded_lines": 0}, "missing_lines": [], "excluded_lines": []}, "": {"executed_lines": [1, 8, 9, 10, 12, 15, 16, 33, 55, 65, 94, 123, 143, 163, 184, 200, 205, 209], "summary": {"covered_lines": 16, "num_statements": 16, "percent_covered": 100.0, "percent_covered_display": "100.00", "missing_lines": 0, "excluded_lines": 0}, "missing_lines": [], "excluded_lines": []}}, "classes": {"CryptoDatabase": {"executed_lines": [42, 43, 46, 48, 51, 53, 57, 58, 59, 60, 61, 63, 67, 87, 92, 96, 116, 121, 125, 136, 141, 145, 156, 161, 165, 177, 182, 198, 202, 203, 207, 211], "summary": {"covered_lines": 32, "num_statements": 32, "percent_covered": 100.0, "percent_covered_display": "100.00", "missing_lines": 0, "excluded_lines": 0}, "missing_lines": [], "excluded_lines": []}, "": {"executed_lines": [1, 8, 9, 10, 12, 15, 16, 33, 55, 65, 94, 123, 143, 163, 184, 200, 205, 209], "summary": {"covered_lines": 16, "num_statements": 16, "percent_covered": 100.0, "percent_covered_display": "100.00", "missing_lines": 0, "excluded_lines": 0}, "missing_lines": [], "excluded_lines": []}}}, "src/crypto_data/ingestion.py": {"executed_lines": [1, 17, 18, 19, 20, 21, 22, 23, 24, 26, 27, 28, 29, 30, 31, 32, 33, 39, 43, 44, 51, 79, 80, 81, 82, 88, 89, 92, 93, 95, 96, 97, 98, 102, 103, 104, 110, 138, 139, 140, 141, 147, 148, 151, 152, 154, 155, 156, 157, 161, 162, 163, 169, 190, 191, 192, 193, 195, 196, 197, 198, 200, 201, 203, 210, 247, 250, 253, 256, 257, 258, 260, 261, 262, 265, 266, 269, 270, 271, 272, 275, 276, 277, 278, 281, 282, 283, 284, 286, 294, 297, 299, 302, 344, 346, 347, 348, 349, 352, 360, 363, 364, 367, 368, 370, 371, 372, 373, 375, 376, 377, 380, 381, 382, 383, 386, 389, 390, 394, 395, 396, 399, 400, 403, 404, 405, 407, 409, 410, 411, 413, 414, 415, 416, 417, 418, 420, 423, 426, 430, 440, 481, 483, 484, 492, 493, 502, 511, 512, 513, 523, 558, 560, 561, 567, 568, 577, 586, 587, 588, 598, 623, 624, 625, 628, 629, 631, 643, 646, 647, 648, 649, 650, 651, 660, 662, 665, 740, 830, 876, 878, 880, 881, 882, 883, 885, 887, 888, 889, 892, 893, 895, 909, 912, 913, 914, 926, 932, 934, 935, 936, 937, 938, 941, 946, 947, 948, 950, 951, 953, 955, 958, 959, 962, 964, 965, 967, 968, 969, 971, 972, 973, 976, 979, 981, 984, 985, 987, 990, 1083, 1086, 1089, 1090, 1093, 1096, 1097, 1100, 1101, 1103, 1105, 1106, 1109, 1110, 1112, 1115, 1118, 1129, 1130, 1131, 1132, 1133, 1134, 1144, 1149, 1150, 1153, 1163, 1165, 1166, 1167, 1170, 1171, 1172, 1173, 1174, 1175, 1184, 1188, 1191, 1193, 1194, 1197, 1198, 1200, 1204, 1218, 1219, 1220, 1221, 1222, 1223, 1233, 1238, 1239, 1242, 1255, 1257, 1258, 1259, 1262, 1263, 1264, 1265, 1266, 1267, 1276, 1280, 1284, 1285, 1288, 1289, 1291, 1294, 1312, 1313, 1314, 1315, 1316, 1317, 1318, 1319, 1320, 1321, 1322, 1327, 1333, 1334, 1337, 1353, 1355, 1356, 1357, 1360, 1361, 1362, 1363, 1364, 1365, 1374, 1378, 1381, 1396, 1450, 1451, 1453, 1454, 1455, 1456, 1457, 1458, 1459, 1460, 1461, 1464, 1467, 1469, 1470, 1473, 1482, 1483, 1484, 1487, 1489, 1490, 1491, 1492, 1494, 1497, 1511, 1512, 1513, 1516, 1517, 1518, 1520, 1521, 1522, 1524, 1525, 1526, 1529, 1530, 1531, 1538, 1539, 1540, 1545, 1546, 1547, 1551], "summary": {"covered_lines": 379, "num_statements": 451, "percent_covered": 84.03547671840354, "percent_covered_display": "84.04", "missing_lines": 72, "excluded_lines": 0}, "missing_lines": [106, 107, 165, 166, 700, 702, 703, 709, 710, 719, 728, 729, 730, 777, 779, 781, 782, 783, 784, 786, 788, 789, 790, 793, 794, 796, 808, 811, 812, 813, 814, 815, 816, 825, 827, 915, 916, 917, 942, 943, 1135, 1136, 1137, 1138, 1139, 1176, 1177, 1178, 1179, 1180, 1186, 1224, 1225, 1226, 1227, 1228, 1268, 1269, 1270, 1271, 1272, 1278, 1366, 1367, 1368, 1369, 1370, 1376, 1541, 1542, 1548, 1549], "excluded_lines": [], "functions": {"_process_metrics_results": {"executed_lines": [79, 80, 81, 82, 88, 89, 92, 93, 95, 96, 97, 98, 102, 103, 104], "summary": {"covered_lines": 15, "num_statements": 17, "percent_covered": 88.23529411764706, "percent_covered_display": "88.24", "missing_lines": 2, "excluded_lines": 0}, "missing_lines": [106, 107], "excluded_lines": []}, "_process_funding_rates_results": {"executed_lines": [138, 139, 140, 141, 147, 148, 151, 152, 154, 155, 156, 157, 161, 162, 163], "summary": {"covered_lines": 15, "num_statements": 17, "percent_covered": 88.23529411764706, "percent_covered_display": "88.24", "missing_lines": 2, "excluded_lines": 0}, "missing_lines": [165, 166], "excluded_lines": []}, "_validate_and_parse_dates": {"executed_lines": [190, 191, 192, 193, 195, 196, 197, 198, 200, 201, 203], "summary": {"covered_lines": 11, "num_statements": 11, "percent_covered": 100.0, "percent_covered_display": "100.00", "missing_lines": 0, "excluded_lines": 0}, "missing_lines": [], "excluded_lines": []}, "_fetch_snapshot": {"executed_lines": [247, 250, 253, 256, 257, 258, 260, 261, 262, 265, 266, 269, 270, 271, 272, 275, 276, 277, 278, 281, 282, 283, 284, 286, 294, 297, 299], "summary": {"covered_lines": 27, "num_statements": 27, "percent_covered": 100.0, "percent_covered_display": "100.00", "missing_lines": 0, "excluded_lines": 0}, "missing_lines": [], "excluded_lines": []}, "ingest_universe": {"executed_lines": [344, 346, 347, 348, 349, 352, 360, 363, 364, 367, 368, 370, 371, 372, 373, 375, 376, 377, 380, 381, 382, 383, 386, 389, 390, 394, 395, 396, 399, 400, 403, 404, 405, 407, 409, 410, 411, 413, 414, 415, 416, 417, 418, 420, 423, 426, 430], "summary": {"covered_lines": 47, "num_statements": 47, "percent_covered": 100.0, "percent_covered_display": "100.00", "missing_lines": 0, "excluded_lines": 0}, "missing_lines": [], "excluded_lines": []}, "_download_single_month": {"executed_lines": [481, 483, 484, 492, 493, 502, 511, 512, 513], "summary": {"covered_lines": 9, "num_statements": 9, "percent_covered": 100.0, "percent_covered_display": "100.00", "missing_lines": 0, "excluded_lines": 0}, "missing_lines": [], "excluded_lines": []}, "_download_single_day": {"executed_lines": [558, 560, 561, 567, 568, 577, 586, 587, 588], "summary": {"covered_lines": 9, "num_statements": 9, "percent_covered": 100.0, "percent_covered_display": "100.00", "missing_lines": 0, "excluded_lines": 0}, "missing_lines": [], "excluded_lines": []}, "_download_symbol_open_interest_async": {"executed_lines": [623, 624, 625, 628, 629, 631, 643, 646, 647, 648, 649, 650, 651, 660, 662], "summary": {"covered_lines": 15, "num_statements": 15, "percent_covered": 100.0, "percent_covered_display": "100.00", "missing_lines": 0, "excluded_lines": 0}, "missing_lines": [], "excluded_lines": []}, "_download_single_month_funding_rates": {"executed_lines": [], "summary": {"covered_lines": 0, "num_statements": 9, "percent_covered": 0.0, "percent_covered_display": "0.00", "missing_lines": 9, "excluded_lines": 0}, "missing_lines": [700, 702, 703, 709, 710, 719, 728, 729, 730], "excluded_lines": []}, "_download_symbol_funding_rates_async": {"executed_lines": [], "summary": {"covered_lines": 0, "num_statements": 22, "percent_covered": 0.0, "percent_covered_display": "0.00", "missing_lines": 22, "excluded_lines": 0}, "missing_lines": [777, 779, 781, 782, 783, 784, 786, 788, 789, 790, 793, 794, 796, 808, 811, 812, 813, 814, 815, 816, 825, 827], "excluded_lines": []}, "_download_symbol_data_type_async": {"executed_lines": [876, 878, 880, 881, 882, 883, 885, 887, 888, 889, 892, 893, 895, 909, 912, 913, 914, 926, 932, 934, 935, 936, 937, 938, 941, 946, 947, 948, 950, 951, 953, 955, 958, 959, 962, 964, 965, 967, 968, 969, 971, 972, 973, 976, 979, 981, 984, 985, 987], "summary": {"covered_lines": 49, "num_statements": 54, "percent_covered": 90.74074074074075, "percent_covered_display": "90.74", "missing_lines": 5, "excluded_lines": 0}, "missing_lines": [915, 916, 917, 942, 943], "excluded_lines": []}, "ingest_binance_async": {"executed_lines": [1083, 1086, 1089, 1090, 1093, 1096, 1097, 1100, 1101, 1103, 1105, 1106, 1109, 1110, 1112, 1115, 1118, 1129, 1130, 1131, 1132, 1133, 1134, 1144, 1149, 1150, 1153, 1163, 1165, 1166, 1167, 1170, 1171, 1172, 1173, 1174, 1175, 1184, 1188, 1191, 1193, 1194, 1197, 1198, 1200, 1204, 1218, 1219, 1220, 1221, 1222, 1223, 1233, 1238, 1239, 1242, 1255, 1257, 1258, 1259, 1262, 1263, 1264, 1265, 1266, 1267, 1276, 1280, 1284, 1285, 1288, 1289, 1291, 1294, 1312, 1313, 1314, 1315, 1316, 1317, 1318, 1319, 1320, 1321, 1322, 1327, 1333, 1334, 1337, 1353, 1355, 1356, 1357, 1360, 1361, 1362, 1363, 1364, 1365, 1374, 1378, 1381], "summary": {"covered_lines": 102, "num_statements": 130, "percent_covered": 78.46153846153847, "percent_covered_display": "78.46", "missing_lines": 28, "excluded_lines": 0}, "missing_lines": [1135, 1136, 1137, 1138, 1139, 1176, 1177, 1178, 1179, 1180, 1186, 1224, 1225, 1226, 1227, 1228, 1268, 1269, 1270, 1271, 1272, 1278, 1366, 1367, 1368, 1369, 1370, 1376], "excluded_lines": []}, "populate_database": {"executed_lines": [1450, 1451, 1453, 1454, 1455, 1456, 1457, 1458, 1459, 1460, 1461, 1464, 1467, 1469, 1470, 1473, 1482, 1483, 1484, 1487, 1489, 1490, 1491, 1492, 1494, 1497, 1511, 1512, 1513, 1516, 1517, 1518, 1520, 1521, 1522, 1524, 1525, 1526, 1529, 1530, 1531, 1538, 1539, 1540, 1545, 1546, 1547, 1551], "summary": {"covered_lines": 48, "num_statements": 52, "percent_covered": 92.3076923076923, "percent_covered_display": "92.31", "missing_lines": 4, "excluded_lines": 0}, "missing_lines": [1541, 1542, 1548, 1549], "excluded_lines": []}, "": {"executed_lines": [1, 17, 18, 19, 20, 21, 22, 23, 24, 26, 27, 28, 29, 30, 31, 32, 33, 39, 43, 44, 51, 110, 169, 210, 302, 440, 523, 598, 665, 740, 830, 990, 1396], "summary": {"covered_lines": 32, "num_statements": 32, "percent_covered": 100.0, "percent_covered_display": "100.00", "missing_lines": 0, "excluded_lines": 0}, "missing_lines": [], "excluded_lines": []}}, "classes": {"": {"executed_lines": [1, 17, 18, 19, 20, 21, 22, 23, 24, 26, 27, 28, 29, 30, 31, 32, 33, 39, 43, 44, 51, 79, 80, 81, 82, 88, 89, 92, 93, 95, 96, 97, 98, 102, 103, 104, 110, 138, 139, 140, 141, 147, 148, 151, 152, 154, 155, 156, 157, 161, 162, 163, 169, 190, 191, 192, 193, 195, 196, 197, 198, 200, 201, 203, 210, 247, 250, 253, 256, 257, 258, 260, 261, 262, 265, 266, 269, 270, 271, 272, 275, 276, 277, 278, 281, 282, 283, 284, 286, 294, 297, 299, 302, 344, 346, 347, 348, 349, 352, 360, 363, 364, 367, 368, 370, 371, 372, 373, 375, 376, 377, 380, 381, 382, 383, 386, 389, 390, 394, 395, 396, 399, 400, 403, 404, 405, 407, 409, 410, 411, 413, 414, 415, 416, 417, 418, 420, 423, 426, 430, 440, 481, 483, 484, 492, 493, 502, 511, 512, 513, 523, 558, 560, 561, 567, 568, 577, 586, 587, 588, 598, 623, 624, 625, 628, 629, 631, 643, 646, 647, 648, 649, 650, 651, 660, 662, 665, 740, 830, 876, 878, 880, 881, 882, 883, 885, 887, 888, 889, 892, 893, 895, 909, 912, 913, 914, 926, 932, 934, 935, 936, 937, 938, 941, 946, 947, 948, 950, 951, 953, 955, 958, 959, 962, 964, 965, 967, 968, 969, 971, 972, 973, 976, 979, 981, 984, 985, 987, 990, 1083, 1086, 1089, 1090, 1093, 1096, 1097, 1100, 1101, 1103, 1105, 1106, 1109, 1110, 1112, 1115, 1118, 1129, 1130, 1131, 1132, 1133, 1134, 1144, 1149, 1150, 1153, 1163, 1165, 1166, 1167, 1170, 1171, 1172, 1173, 1174, 1175, 1184, 1188, 1191, 1193, 1194, 1197, 1198, 1200, 1204, 1218, 1219, 1220, 1221, 1222, 1223, 1233, 1238, 1239, 1242, 1255, 1257, 1258, 1259, 1262, 1263, 1264, 1265, 1266, 1267, 1276, 1280, 1284, 1285, 1288, 1289, 1291, 1294, 1312, 1313, 1314, 1315, 1316, 1317, 1318, 1319, 1320, 1321, 1322, 1327, 1333, 1334, 1337, 1353, 1355, 1356, 1357, 1360, 1361, 1362, 1363, 1364, 1365, 1374, 1378, 1381, 1396, 1450, 1451, 1453, 1454, 1455, 1456, 1457, 1458, 1459, 1460, 1461, 1464, 1467, 1469, 1470, 1473, 1482, 1483, 1484, 1487, 1489, 1490, 1491, 1492, 1494, 1497, 1511, 1512, 1513, 1516, 1517, 1518, 1520, 1521, 1522, 1524, 1525, 1526, 1529, 1530, 1531, 1538, 1539, 1540, 1545, 1546, 1547, 1551], "summary": {"covered_lines": 379, "num_statements": 451, "percent_covered": 84.03547671840354, "percent_covered_display": "84.04", "missing_lines": 72, "excluded_lines": 0}, "missing_lines": [106, 107, 165, 166, 700, 702, 703, 709, 710, 719, 728, 729, 730, 777, 779, 781, 782, 783, 784, 786, 788, 789, 790, 793, 794, 796, 808, 811, 812, 813, 814, 815, 816, 825, 827, 915, 916, 917, 942, 943, 1135, 1136, 1137, 1138, 1139, 1176, 1177, 1178, 1179, 1180, 1186, 1224, 1225, 1226, 1227, 1228, 1268, 1269, 1270, 1271, 1272, 1278, 1366, 1367, 1368, 1369, 1370, 1376, 1541, 1542, 1548, 1549], "excluded_lines": []}}}, "src/crypto_data/logging_utils.py": {"executed_lines": [1, 8, 9, 10, 11, 14, 15, 27, 28, 31, 32, 33, 34, 37, 38, 39, 40, 41, 44, 52, 67, 70, 71, 73, 75, 78, 79, 95, 97, 98, 101, 104, 105, 108, 111, 112, 115, 116, 119, 120, 123, 124, 127, 128, 131, 135, 138, 140, 143, 171, 172, 174, 175, 178, 179, 182, 183, 186, 187, 190, 191, 194, 197, 200, 201, 202, 205, 206, 207, 210, 211, 212, 214, 218, 240, 241], "summary": {"covered_lines": 74, "num_statements": 84, "percent_covered": 88.0952380952381, "percent_covered_display": "88.10", "missing_lines": 10, "excluded_lines": 0}, "missing_lines": [82, 84, 85, 86, 87, 88, 89, 90, 93, 132], "excluded_lines": [], "functions": {"ColoredFormatter.__init__": {"executed_lines": [67, 70, 71, 73], "summary": {"covered_lines": 4, "num_statements": 4, "percent_covered": 100.0, "percent_covered_display": "100.00", "missing_lines": 0, "excluded_lines": 0}, "missing_lines": [], "excluded_lines": []}, "ColoredFormatter._supports_color": {"executed_lines": [78, 79], "summary": {"covered_lines": 2, "num_statements": 11, "percent_covered": 18.181818181818183, "percent_covered_display": "18.18", "missing_lines": 9, "excluded_lines": 0}, "missing_lines": [82, 84, 85, 86, 87, 88, 89, 90, 93], "excluded_lines": []}, "ColoredFormatter.format": {"executed_lines": [97, 98, 101, 104, 105, 108, 111, 112, 115, 116, 119, 120, 123, 124, 127, 128, 131, 135, 138, 140], "summary": {"covered_lines": 20, "num_statements": 21, "percent_covered": 95.23809523809524, "percent_covered_display": "95.24", "missing_lines": 1, "excluded_lines": 0}, "missing_lines": [132], "excluded_lines": []}, "setup_colored_logging": {"executed_lines": [171, 172, 174, 175, 178, 179, 182, 183, 186, 187, 190, 191, 194, 197, 200, 201, 202, 205, 206, 207, 210, 211, 212, 214], "summary": {"covered_lines": 24, "num_statements": 24, "percent_covered": 100.0, "percent_covered_display": "100.00", "missing_lines": 0, "excluded_lines": 0}, "missing_lines": [], "excluded_lines": []}, "get_logger": {"executed_lines": [240, 241], "summary": {"covered_lines": 2, "num_statements": 2, "percent_covered": 100.0, "percent_covered_display": "100.00", "missing_lines": 0, "excluded_lines": 0}, "missing_lines": [], "excluded_lines": []}, "": {"executed_lines": [1, 8, 9, 10, 11, 14, 15, 27, 28, 31, 32, 33, 34, 37, 38, 39, 40, 41, 44, 52, 75, 95, 143, 218], "summary": {"covered_lines": 22, "num_statements": 22, "percent_covered": 100.0, "percent_covered_display": "100.00", "missing_lines": 0, "excluded_lines": 0}, "missing_lines": [], "excluded_lines": []}}, "classes": {"ColoredFormatter": {"executed_lines": [67, 70, 71, 73, 78, 79, 97, 98, 101, 104, 105, 108, 111, 112, 115, 116, 119, 120, 123, 124, 127, 128, 131, 135, 138, 140], "summary": {"covered_lines": 26, "num_statements": 36, "percent_covered": 72.22222222222223, "percent_covered_display": "72.22", "missing_lines": 10, "excluded_lines": 0}, "missing_lines": [82, 84, 85, 86, 87, 88, 89, 90, 93, 132], "excluded_lines": []}, "": {"executed_lines": [1, 8, 9, 10, 11, 14, 15, 27, 28, 31, 32, 33, 34, 37, 38, 39, 40, 41, 44, 52, 75, 95, 143, 171, 172, 174, 175, 178, 179, 182, 183, 186, 187, 190, 191, 194, 197, 200, 201, 202, 205, 206, 207, 210, 211, 212, 214, 218, 240, 241], "summary": {"covered_lines": 48, "num_statements": 48, "percent_covered": 100.0, "percent_covered_display": "100.00", "missing_lines": 0, "excluded_lines": 0}, "missing_lines": [], "excluded_lines": []}}}, "src/crypto_data/schemas/__init__.py": {"executed_lines": [1, 27, 36, 43, 50, 56, 66], "summary": {"covered_lines": 6, "num_statements": 6, "percent_covered": 100.0, "percent_covered_display": "100.00", "missing_lines": 0, "excluded_lines": 0}, "missing_lines": [], "excluded_lines": [], "functions": {"": {"executed_lines": [1, 27, 36, 43, 50, 56, 66], "summary": {"covered_lines": 6, "num_statements": 6, "percent_covered": 100.0, "percent_covered_display": "100.00", "missing_lines": 0, "excluded_lines": 0}, "missing_lines": [], "excluded_lines": []}}, "classes": {"": {"executed_lines": [1, 27, 36, 43, 50, 56, 66], "summary": {"covered_lines": 6, "num_statements": 6, "percent_covered": 100.0, "percent_covered_display": "100.00", "missing_lines": 0, "excluded_lines": 0}, "missing_lines": [], "excluded_lines": []}}}, "src/crypto_data/schemas/checks.py": {"executed_lines": [1, 8, 9, 10, 13, 34, 35, 37, 40, 41, 44, 45, 48, 49, 52, 53, 56, 57, 59, 61, 63, 66, 85, 86, 89, 90, 92, 96, 97, 99, 103, 104, 107, 110, 130, 134, 136, 140, 141, 142, 144, 145, 148, 149, 152, 155, 158, 172, 176, 179, 193, 197, 199], "summary": {"covered_lines": 52, "num_statements": 58, "percent_covered": 89.65517241379311, "percent_covered_display": "89.66", "missing_lines": 6, "excluded_lines": 0}, "missing_lines": [93, 100, 131, 137, 173, 194], "excluded_lines": [], "functions": {"check_ohlc_relationships": {"executed_lines": [34, 35, 37, 40, 41, 44, 45, 48, 49, 52, 53, 56, 57, 59, 61, 63], "summary": {"covered_lines": 16, "num_statements": 16, "percent_covered": 100.0, "percent_covered_display": "100.00", "missing_lines": 0, "excluded_lines": 0}, "missing_lines": [], "excluded_lines": []}, "check_price_continuity": {"executed_lines": [85, 86, 89, 90, 92, 96, 97, 99, 103, 104, 107], "summary": {"covered_lines": 11, "num_statements": 13, "percent_covered": 84.61538461538461, "percent_covered_display": "84.62", "missing_lines": 2, "excluded_lines": 0}, "missing_lines": [93, 100], "excluded_lines": []}, "check_volume_outliers": {"executed_lines": [130, 134, 136, 140, 141, 142, 144, 145, 148, 149, 152, 155], "summary": {"covered_lines": 12, "num_statements": 14, "percent_covered": 85.71428571428571, "percent_covered_display": "85.71", "missing_lines": 2, "excluded_lines": 0}, "missing_lines": [131, 137], "excluded_lines": []}, "check_timestamp_monotonic": {"executed_lines": [172, 176], "summary": {"covered_lines": 2, "num_statements": 3, "percent_covered": 66.66666666666667, "percent_covered_display": "66.67", "missing_lines": 1, "excluded_lines": 0}, "missing_lines": [173], "excluded_lines": []}, "check_no_duplicate_ranks_per_date": {"executed_lines": [193, 197, 199], "summary": {"covered_lines": 3, "num_statements": 4, "percent_covered": 75.0, "percent_covered_display": "75.00", "missing_lines": 1, "excluded_lines": 0}, "missing_lines": [194], "excluded_lines": []}, "": {"executed_lines": [1, 8, 9, 10, 13, 66, 110, 158, 179], "summary": {"covered_lines": 8, "num_statements": 8, "percent_covered": 100.0, "percent_covered_display": "100.00", "missing_lines": 0, "excluded_lines": 0}, "missing_lines": [], "excluded_lines": []}}, "classes": {"": {"executed_lines": [1, 8, 9, 10, 13, 34, 35, 37, 40, 41, 44, 45, 48, 49, 52, 53, 56, 57, 59, 61, 63, 66, 85, 86, 89, 90, 92, 96, 97, 99, 103, 104, 107, 110, 130, 134, 136, 140, 141, 142, 144, 145, 148, 149, 152, 155, 158, 172, 176, 179, 193, 197, 199], "summary": {"covered_lines": 52, "num_statements": 58, "percent_covered": 89.65517241379311, "percent_covered_display": "89.66", "missing_lines": 6, "excluded_lines": 0}, "missing_lines": [93, 100, 131, 137, 173, 194], "excluded_lines": []}}}, "src/crypto_data/schemas/funding_rates.py": {"executed_lines": [1, 12, 13, 14, 21, 83, 104, 121, 122, 124, 127, 128, 132, 133, 136, 143, 164, 165, 174, 190, 192, 193, 194, 195, 197, 198, 199, 204, 208], "summary": {"covered_lines": 28, "num_statements": 32, "percent_covered": 87.5, "percent_covered_display": "87.50", "missing_lines": 4, "excluded_lines": 0}, "missing_lines": [167, 168, 169, 171], "excluded_lines": [], "functions": {"check_funding_rate_distribution": {"executed_lines": [121, 122, 124, 127, 128, 132, 133, 136], "summary": {"covered_lines": 8, "num_statements": 8, "percent_covered": 100.0, "percent_covered_display": "100.00", "missing_lines": 0, "excluded_lines": 0}, "missing_lines": [], "excluded_lines": []}, "validate_funding_rates_dataframe": {"executed_lines": [164, 165], "summary": {"covered_lines": 2, "num_statements": 6, "percent_covered": 33.333333333333336, "percent_covered_display": "33.33", "missing_lines": 4, "excluded_lines": 0}, "missing_lines": [167, 168, 169, 171], "excluded_lines": []}, "validate_funding_rates_statistical": {"executed_lines": [190, 192, 193, 194, 195, 197, 198, 199, 204], "summary": {"covered_lines": 9, "num_statements": 9, "percent_covered": 100.0, "percent_covered_display": "100.00", "missing_lines": 0, "excluded_lines": 0}, "missing_lines": [], "excluded_lines": []}, "": {"executed_lines": [1, 12, 13, 14, 21, 83, 104, 143, 174, 208], "summary": {"covered_lines": 9, "num_statements": 9, "percent_covered": 100.0, "percent_covered_display": "100.00", "missing_lines": 0, "excluded_lines": 0}, "missing_lines": [], "excluded_lines": []}}, "classes": {"": {"executed_lines": [1, 12, 13, 14, 21, 83, 104, 121, 122, 124, 127, 128, 132, 133, 136, 143, 164, 165, 174, 190, 192, 193, 194, 195, 197, 198, 199, 204, 208], "summary": {"covered_lines": 28, "num_statements": 32, "percent_covered": 87.5, "percent_covered_display": "87.50", "missing_lines": 4, "excluded_lines": 0}, "missing_lines": [167, 168, 169, 171], "excluded_lines": []}}}, "src/crypto_data/schemas/metrics.py": {"executed_lines": [1, 13, 14, 15, 22, 83, 104, 123, 126, 129, 130, 132, 135, 136, 139, 146, 167, 168, 177, 193, 195, 196, 197, 211], "summary": {"covered_lines": 23, "num_statements": 34, "percent_covered": 67.6470588235294, "percent_covered_display": "67.65", "missing_lines": 11, "excluded_lines": 0}, "missing_lines": [124, 133, 170, 171, 172, 174, 198, 200, 201, 202, 207], "excluded_lines": [], "functions": {"check_open_interest_outliers": {"executed_lines": [123, 126, 129, 130, 132, 135, 136, 139], "summary": {"covered_lines": 8, "num_statements": 10, "percent_covered": 80.0, "percent_covered_display": "80.00", "missing_lines": 2, "excluded_lines": 0}, "missing_lines": [124, 133], "excluded_lines": []}, "validate_open_interest_dataframe": {"executed_lines": [167, 168], "summary": {"covered_lines": 2, "num_statements": 6, "percent_covered": 33.333333333333336, "percent_covered_display": "33.33", "missing_lines": 4, "excluded_lines": 0}, "missing_lines": [170, 171, 172, 174], "excluded_lines": []}, "validate_open_interest_statistical": {"executed_lines": [193, 195, 196, 197], "summary": {"covered_lines": 4, "num_statements": 9, "percent_covered": 44.44444444444444, "percent_covered_display": "44.44", "missing_lines": 5, "excluded_lines": 0}, "missing_lines": [198, 200, 201, 202, 207], "excluded_lines": []}, "": {"executed_lines": [1, 13, 14, 15, 22, 83, 104, 146, 177, 211], "summary": {"covered_lines": 9, "num_statements": 9, "percent_covered": 100.0, "percent_covered_display": "100.00", "missing_lines": 0, "excluded_lines": 0}, "missing_lines": [], "excluded_lines": []}}, "classes": {"": {"executed_lines": [1, 13, 14, 15, 22, 83, 104, 123, 126, 129, 130, 132, 135, 136, 139, 146, 167, 168, 177, 193, 195, 196, 197, 211], "summary": {"covered_lines": 23, "num_statements": 34, "percent_covered": 67.6470588235294, "percent_covered_display": "67.65", "missing_lines": 11, "excluded_lines": 0}, "missing_lines": [124, 133, 170, 171, 172, 174, 198, 200, 201, 202, 207], "excluded_lines": []}}}, "src/crypto_data/schemas/ohlcv.py": {"executed_lines": [1, 15, 16, 17, 30, 177, 205, 226, 227, 236, 252, 254, 255, 256, 257, 259, 260, 261, 266, 275, 279, 283], "summary": {"covered_lines": 21, "num_statements": 25, "percent_covered": 84.0, "percent_covered_display": "84.00", "missing_lines": 4, "excluded_lines": 0}, "missing_lines": [229, 230, 231, 233], "excluded_lines": [], "functions": {"validate_ohlcv_dataframe": {"executed_lines": [226, 227], "summary": {"covered_lines": 2, "num_statements": 6, "percent_covered": 33.333333333333336, "percent_covered_display": "33.33", "missing_lines": 4, "excluded_lines": 0}, "missing_lines": [229, 230, 231, 233], "excluded_lines": []}, "validate_ohlcv_statistical": {"executed_lines": [252, 254, 255, 256, 257, 259, 260, 261, 266], "summary": {"covered_lines": 9, "num_statements": 9, "percent_covered": 100.0, "percent_covered_display": "100.00", "missing_lines": 0, "excluded_lines": 0}, "missing_lines": [], "excluded_lines": []}, "": {"executed_lines": [1, 15, 16, 17, 30, 177, 205, 236, 275, 279, 283], "summary": {"covered_lines": 10, "num_statements": 10, "percent_covered": 100.0, "percent_covered_display": "100.00", "missing_lines": 0, "excluded_lines": 0}, "missing_lines": [], "excluded_lines": []}}, "classes": {"": {"executed_lines": [1, 15, 16, 17, 30, 177, 205, 226, 227, 236, 252, 254, 255, 256, 257, 259, 260, 261, 266, 275, 279, 283], "summary": {"covered_lines": 21, "num_statements": 25, "percent_covered": 84.0, "percent_covered_display": "84.00", "missing_lines": 4, "excluded_lines": 0}, "missing_lines": [229, 230, 231, 233], "excluded_lines": []}}}, "src/crypto_data/schemas/universe.py": {"executed_lines": [1, 12, 13, 14, 21, 93, 125], "summary": {"covered_lines": 6, "num_statements": 12, "percent_covered": 50.0, "percent_covered_display": "50.00", "missing_lines": 6, "excluded_lines": 0}, "missing_lines": [114, 115, 117, 118, 119, 121], "excluded_lines": [], "functions": {"validate_universe_dataframe": {"executed_lines": [], "summary": {"covered_lines": 0, "num_statements": 6, "percent_covered": 0.0, "percent_covered_display": "0.00", "missing_lines": 6, "excluded_lines": 0}, "missing_lines": [114, 115, 117, 118, 119, 121], "excluded_lines": []}, "": {"executed_lines": [1, 12, 13, 14, 21, 93, 125], "summary": {"covered_lines": 6, "num_statements": 6, "percent_covered": 100.0, "percent_covered_display": "100.00", "missing_lines": 0, "excluded_lines": 0}, "missing_lines": [], "excluded_lines": []}}, "classes": {"": {"executed_lines": [1, 12, 13, 14, 21, 93, 125], "summary": {"covered_lines": 6, "num_statements": 12, "percent_covered": 50.0, "percent_covered_display": "50.00", "missing_lines": 6, "excluded_lines": 0}, "missing_lines": [114, 115, 117, 118, 119, 121], "excluded_lines": []}}}, "src/crypto_data/utils/__init__.py": {"executed_lines": [1, 20, 22], "summary": {"covered_lines": 2, "num_statements": 2, "percent_covered": 100.0, "percent_covered_display": "100.00", "missing_lines": 0, "excluded_lines": 0}, "missing_lines": [], "excluded_lines": [], "functions": {"": {"executed_lines": [1, 20, 22], "summary": {"covered_lines": 2, "num_statements": 2, "percent_covered": 100.0, "percent_covered_display": "100.00", "missing_lines": 0, "excluded_lines": 0}, "missing_lines": [], "excluded_lines": []}}, "classes": {"": {"executed_lines": [1, 20, 22], "summary": {"covered_lines": 2, "num_statements": 2, "percent_covered": 100.0, "percent_covered_display": "100.00", "missing_lines": 0, "excluded_lines": 0}, "missing_lines": [], "excluded_lines": []}}}, "src/crypto_data/utils/database.py": {"executed_lines": [1, 7, 8, 9, 10, 11, 12, 15, 21, 24, 75, 76, 79, 81, 83, 84, 86, 89, 90, 91, 93, 95, 96, 97, 98, 99, 100, 103, 104, 107, 110, 114, 115, 116, 117, 124, 132, 133, 134, 135, 136, 141, 144, 147, 148, 149, 150, 154, 155, 156, 157, 159, 160, 161, 162, 164, 167, 168, 169, 179, 180, 181, 185, 186, 189, 215, 216, 219, 221, 223, 226, 229, 230, 231, 233, 235, 238, 239, 240, 243, 246, 249, 254, 255, 258, 259, 260, 261, 264, 265, 266, 267, 271, 272, 273, 274, 276, 277, 278, 279, 281, 284, 285, 286, 287, 289, 290, 295, 296, 297, 301, 302, 305, 331, 332, 335, 337, 339, 342, 345, 346, 347, 349, 351, 354, 355, 356, 359, 360, 363, 366, 371, 372, 375, 376, 377, 378, 382, 383, 384, 395, 396, 397, 398, 400, 401, 406, 407, 408, 412, 413, 416, 444, 445, 452, 453, 456, 457, 459, 462, 464, 482, 484, 486, 490, 493, 495], "summary": {"covered_lines": 166, "num_statements": 185, "percent_covered": 89.72972972972973, "percent_covered_display": "89.73", "missing_lines": 19, "excluded_lines": 0}, "missing_lines": [138, 170, 172, 173, 177, 224, 293, 340, 385, 387, 388, 389, 390, 392, 404, 446, 447, 449, 474], "excluded_lines": [], "functions": {"import_to_duckdb": {"executed_lines": [75, 76, 79, 81, 83, 84, 86, 89, 90, 91, 93, 95, 96, 97, 98, 99, 100, 103, 104, 107, 110, 114, 115, 116, 117, 124, 132, 133, 134, 135, 136, 141, 144, 147, 148, 149, 150, 154, 155, 156, 157, 159, 160, 161, 162, 164, 167, 168, 169, 179, 180, 181, 185, 186], "summary": {"covered_lines": 54, "num_statements": 59, "percent_covered": 91.52542372881356, "percent_covered_display": "91.53", "missing_lines": 5, "excluded_lines": 0}, "missing_lines": [138, 170, 172, 173, 177], "excluded_lines": []}, "import_metrics_to_duckdb": {"executed_lines": [215, 216, 219, 221, 223, 226, 229, 230, 231, 233, 235, 238, 239, 240, 243, 246, 249, 254, 255, 258, 259, 260, 261, 264, 265, 266, 267, 271, 272, 273, 274, 276, 277, 278, 279, 281, 284, 285, 286, 287, 289, 290, 295, 296, 297, 301, 302], "summary": {"covered_lines": 47, "num_statements": 49, "percent_covered": 95.91836734693878, "percent_covered_display": "95.92", "missing_lines": 2, "excluded_lines": 0}, "missing_lines": [224, 293], "excluded_lines": []}, "import_funding_rates_to_duckdb": {"executed_lines": [331, 332, 335, 337, 339, 342, 345, 346, 347, 349, 351, 354, 355, 356, 359, 360, 363, 366, 371, 372, 375, 376, 377, 378, 382, 383, 384, 395, 396, 397, 398, 400, 401, 406, 407, 408, 412, 413], "summary": {"covered_lines": 38, "num_statements": 46, "percent_covered": 82.6086956521739, "percent_covered_display": "82.61", "missing_lines": 8, "excluded_lines": 0}, "missing_lines": [340, 385, 387, 388, 389, 390, 392, 404], "excluded_lines": []}, "data_exists": {"executed_lines": [444, 445, 452, 453, 456, 457, 459, 462, 464, 482, 484, 486, 490, 493, 495], "summary": {"covered_lines": 15, "num_statements": 19, "percent_covered": 78.94736842105263, "percent_covered_display": "78.95", "missing_lines": 4, "excluded_lines": 0}, "missing_lines": [446, 447, 449, 474], "excluded_lines": []}, "": {"executed_lines": [1, 7, 8, 9, 10, 11, 12, 15, 21, 24, 189, 305, 416], "summary": {"covered_lines": 12, "num_statements": 12, "percent_covered": 100.0, "percent_covered_display": "100.00", "missing_lines": 0, "excluded_lines": 0}, "missing_lines": [], "excluded_lines": []}}, "classes": {"": {"executed_lines": [1, 7, 8, 9, 10, 11, 12, 15, 21, 24, 75, 76, 79, 81, 83, 84, 86, 89, 90, 91, 93, 95, 96, 97, 98, 99, 100, 103, 104, 107, 110, 114, 115, 116, 117, 124, 132, 133, 134, 135, 136, 141, 144, 147, 148, 149, 150, 154, 155, 156, 157, 159, 160, 161, 162, 164, 167, 168, 169, 179, 180, 181, 185, 186, 189, 215, 216, 219, 221, 223, 226, 229, 230, 231, 233, 235, 238, 239, 240, 243, 246, 249, 254, 255, 258, 259, 260, 261, 264, 265, 266, 267, 271, 272, 273, 274, 276, 277, 278, 279, 281, 284, 285, 286, 287, 289, 290, 295, 296, 297, 301, 302, 305, 331, 332, 335, 337, 339, 342, 345, 346, 347, 349, 351, 354, 355, 356, 359, 360, 363, 366, 371, 372, 375, 376, 377, 378, 382, 383, 384, 395, 396, 397, 398, 400, 401, 406, 407, 408, 412, 413, 416, 444, 445, 452, 453, 456, 457, 459, 462, 464, 482, 484, 486, 490, 493, 495], "summary": {"covered_lines": 166, "num_statements": 185, "percent_covered": 89.72972972972973, "percent_covered_display": "89.73", "missing_lines": 19, "excluded_lines": 0}, "missing_lines": [138, 170, 172, 173, 177, 224, 293, 340, 385, 387, 388, 389, 390, 392, 404, 446, 447, 449, 474], "excluded_lines": []}}}, "src/crypto_data/utils/dates.py": {"executed_lines": [1, 7, 8, 11, 38, 39, 40, 42, 43, 45, 46, 48, 50, 53, 78, 79, 81, 82, 83, 85], "summary": {"covered_lines": 19, "num_statements": 19, "percent_covered": 100.0, "percent_covered_display": "100.00", "missing_lines": 0, "excluded_lines": 0}, "missing_lines": [], "excluded_lines": [], "functions": {"generate_month_list": {"executed_lines": [38, 39, 40, 42, 43, 45, 46, 48, 50], "summary": {"covered_lines": 9, "num_statements": 9, "percent_covered": 100.0, "percent_covered_display": "100.00", "missing_lines": 0, "excluded_lines": 0}, "missing_lines": [], "excluded_lines": []}, "generate_day_list": {"executed_lines": [78, 79, 81, 82, 83, 85], "summary": {"covered_lines": 6, "num_statements": 6, "percent_covered": 100.0, "percent_covered_display": "100.00", "missing_lines": 0, "excluded_lines": 0}, "missing_lines": [], "excluded_lines": []}, "": {"executed_lines": [1, 7, 8, 11, 53], "summary": {"covered_lines": 4, "num_statements": 4, "percent_covered": 100.0, "percent_covered_display": "100.00", "missing_lines": 0, "excluded_lines": 0}, "missing_lines": [], "excluded_lines": []}}, "classes": {"": {"executed_lines": [1, 7, 8, 11, 38, 39, 40, 42, 43, 45, 46, 48, 50, 53, 78, 79, 81, 82, 83, 85], "summary": {"covered_lines": 19, "num_statements": 19, "percent_covered": 100.0, "percent_covered_display": "100.00", "missing_lines": 0, "excluded_lines": 0}, "missing_lines": [], "excluded_lines": []}}}, "src/crypto_data/utils/formatting.py": {"executed_lines": [1, 7, 10, 29, 30, 31, 32, 33, 36, 76, 77, 80, 81, 82, 83, 84, 86, 89, 90, 91, 92, 95, 98, 99, 101, 102, 104, 107, 110, 111, 112, 115, 116, 117, 119, 126, 127, 130, 131, 132, 133, 136, 137, 139, 141, 143, 146, 193, 194, 197, 198, 199, 200, 201, 203, 206, 207, 208, 209, 212, 215, 217, 218, 221, 222, 224, 225, 227, 230, 233, 234, 237, 238, 239, 241, 242, 244, 245, 248, 249, 252, 253, 254, 255, 258, 259, 261, 263, 265], "summary": {"covered_lines": 88, "num_statements": 91, "percent_covered": 96.7032967032967, "percent_covered_display": "96.70", "missing_lines": 3, "excluded_lines": 0}, "missing_lines": [120, 122, 123], "excluded_lines": [], "functions": {"format_file_size": {"executed_lines": [29, 30, 31, 32, 33], "summary": {"covered_lines": 5, "num_statements": 5, "percent_covered": 100.0, "percent_covered_display": "100.00", "missing_lines": 0, "excluded_lines": 0}, "missing_lines": [], "excluded_lines": []}, "format_availability_bar": {"executed_lines": [76, 77, 80, 89, 90, 91, 92, 95, 98, 99, 101, 102, 104, 107, 110, 111, 112, 115, 116, 117, 119, 126, 127, 130, 131, 132, 133, 136, 141, 143], "summary": {"covered_lines": 30, "num_statements": 33, "percent_covered": 90.9090909090909, "percent_covered_display": "90.91", "missing_lines": 3, "excluded_lines": 0}, "missing_lines": [120, 122, 123], "excluded_lines": []}, "format_availability_bar.to_datetime": {"executed_lines": [81, 82, 83, 84, 86], "summary": {"covered_lines": 5, "num_statements": 5, "percent_covered": 100.0, "percent_covered_display": "100.00", "missing_lines": 0, "excluded_lines": 0}, "missing_lines": [], "excluded_lines": []}, "format_availability_bar.format_month": {"executed_lines": [137, 139], "summary": {"covered_lines": 2, "num_statements": 2, "percent_covered": 100.0, "percent_covered_display": "100.00", "missing_lines": 0, "excluded_lines": 0}, "missing_lines": [], "excluded_lines": []}, "format_availability_bar_daily": {"executed_lines": [193, 194, 197, 206, 207, 208, 209, 212, 215, 217, 218, 221, 222, 224, 225, 227, 230, 233, 234, 237, 238, 239, 241, 242, 244, 245, 248, 249, 252, 253, 254, 255, 258, 263, 265], "summary": {"covered_lines": 35, "num_statements": 35, "percent_covered": 100.0, "percent_covered_display": "100.00", "missing_lines": 0, "excluded_lines": 0}, "missing_lines": [], "excluded_lines": []}, "format_availability_bar_daily.to_datetime": {"executed_lines": [198, 199, 200, 201, 203], "summary": {"covered_lines": 5, "num_statements": 5, "percent_covered": 100.0, "percent_covered_display": "100.00", "missing_lines": 0, "excluded_lines": 0}, "missing_lines": [], "excluded_lines": []}, "format_availability_bar_daily.format_month": {"executed_lines": [259, 261], "summary": {"covered_lines": 2, "num_statements": 2, "percent_covered": 100.0, "percent_covered_display": "100.00", "missing_lines": 0, "excluded_lines": 0}, "missing_lines": [], "excluded_lines": []}, "": {"executed_lines": [1, 7, 10, 36, 146], "summary": {"covered_lines": 4, "num_statements": 4, "percent_covered": 100.0, "percent_covered_display": "100.00", "missing_lines": 0, "excluded_lines": 0}, "missing_lines": [], "excluded_lines": []}}, "classes": {"": {"executed_lines": [1, 7, 10, 29, 30, 31, 32, 33, 36, 76, 77, 80, 81, 82, 83, 84, 86, 89, 90, 91, 92, 95, 98, 99, 101, 102, 104, 107, 110, 111, 112, 115, 116, 117, 119, 126, 127, 130, 131, 132, 133, 136, 137, 139, 141, 143, 146, 193, 194, 197, 198, 199, 200, 201, 203, 206, 207, 208, 209, 212, 215, 217, 218, 221, 222, 224, 225, 227, 230, 233, 234, 237, 238, 239, 241, 242, 244, 245, 248, 249, 252, 253, 254, 255, 258, 259, 261, 263, 265], "summary": {"covered_lines": 88, "num_statements": 91, "percent_covered": 96.7032967032967, "percent_covered_display": "96.70", "missing_lines": 3, "excluded_lines": 0}, "missing_lines": [120, 122, 123], "excluded_lines": []}}}, "src/crypto_data/utils/ingestion_helpers.py": {"executed_lines": [1, 14, 15, 16, 17, 19, 20, 22, 25, 42, 50, 107, 108, 109, 110, 119, 120, 123, 124, 126, 127, 128, 132, 133, 134, 136, 137, 140, 179, 180, 182, 184, 224, 228, 231, 288, 291, 292, 293, 294, 295, 296, 299, 300, 301, 302, 304, 306, 307, 308, 311, 312, 313, 314, 315, 318, 319, 322, 325, 327, 328, 331, 332, 335, 336, 337, 340, 346, 349, 352, 353, 354, 355, 358, 359, 363, 365, 366, 369, 370, 371, 372, 373, 375], "summary": {"covered_lines": 83, "num_statements": 86, "percent_covered": 96.51162790697674, "percent_covered_display": "96.51", "missing_lines": 3, "excluded_lines": 0}, "missing_lines": [341, 344, 361], "excluded_lines": [], "functions": {"initialize_ingestion_stats": {"executed_lines": [42], "summary": {"covered_lines": 1, "num_statements": 1, "percent_covered": 100.0, "percent_covered_display": "100.00", "missing_lines": 0, "excluded_lines": 0}, "missing_lines": [], "excluded_lines": []}, "process_download_results": {"executed_lines": [107, 108, 109, 110, 119, 120, 123, 124, 126, 127, 128, 132, 133, 134, 136, 137], "summary": {"covered_lines": 16, "num_statements": 16, "percent_covered": 100.0, "percent_covered_display": "100.00", "missing_lines": 0, "excluded_lines": 0}, "missing_lines": [], "excluded_lines": []}, "query_data_availability": {"executed_lines": [179, 180, 182, 184, 224, 228], "summary": {"covered_lines": 6, "num_statements": 6, "percent_covered": 100.0, "percent_covered_display": "100.00", "missing_lines": 0, "excluded_lines": 0}, "missing_lines": [], "excluded_lines": []}, "log_ingestion_summary": {"executed_lines": [288, 291, 292, 293, 294, 295, 296, 299, 300, 301, 302, 304, 306, 307, 308, 311, 312, 313, 314, 315, 318, 319, 322, 325, 327, 328, 331, 332, 335, 336, 337, 340, 346, 349, 352, 353, 354, 355, 358, 359, 363, 365, 366, 369, 370, 371, 372, 373, 375], "summary": {"covered_lines": 49, "num_statements": 52, "percent_covered": 94.23076923076923, "percent_covered_display": "94.23", "missing_lines": 3, "excluded_lines": 0}, "missing_lines": [341, 344, 361], "excluded_lines": []}, "": {"executed_lines": [1, 14, 15, 16, 17, 19, 20, 22, 25, 50, 140, 231], "summary": {"covered_lines": 11, "num_statements": 11, "percent_covered": 100.0, "percent_covered_display": "100.00", "missing_lines": 0, "excluded_lines": 0}, "missing_lines": [], "excluded_lines": []}}, "classes": {"": {"executed_lines": [1, 14, 15, 16, 17, 19, 20, 22, 25, 42, 50, 107, 108, 109, 110, 119, 120, 123, 124, 126, 127, 128, 132, 133, 134, 136, 137, 140, 179, 180, 182, 184, 224, 228, 231, 288, 291, 292, 293, 294, 295, 296, 299, 300, 301, 302, 304, 306, 307, 308, 311, 312, 313, 314, 315, 318, 319, 322, 325, 327, 328, 331, 332, 335, 336, 337, 340, 346, 349, 352, 353, 354, 355, 358, 359, 363, 365, 366, 369, 370, 371, 372, 373, 375], "summary": {"covered_lines": 83, "num_statements": 86, "percent_covered": 96.51162790697674, "percent_covered_display": "96.51", "missing_lines": 3, "excluded_lines": 0}, "missing_lines": [341, 344, 361], "excluded_lines": []}}}, "src/crypto_data/utils/symbols.py": {"executed_lines": [1, 7, 8, 9, 11, 14, 56, 57, 60, 69, 72, 74, 75, 77, 79, 80, 81, 82, 83], "summary": {"covered_lines": 18, "num_statements": 18, "percent_covered": 100.0, "percent_covered_display": "100.00", "missing_lines": 0, "excluded_lines": 0}, "missing_lines": [], "excluded_lines": [], "functions": {"get_symbols_from_universe": {"executed_lines": [56, 57, 60, 69, 72, 74, 75, 77, 79, 80, 81, 82, 83], "summary": {"covered_lines": 13, "num_statements": 13, "percent_covered": 100.0, "percent_covered_display": "100.00", "missing_lines": 0, "excluded_lines": 0}, "missing_lines": [], "excluded_lines": []}, "": {"executed_lines": [1, 7, 8, 9, 11, 14], "summary": {"covered_lines": 5, "num_statements": 5, "percent_covered": 100.0, "percent_covered_display": "100.00", "missing_lines": 0, "excluded_lines": 0}, "missing_lines": [], "excluded_lines": []}}, "classes": {"": {"executed_lines": [1, 7, 8, 9, 11, 14, 56, 57, 60, 69, 72, 74, 75, 77, 79, 80, 81, 82, 83], "summary": {"covered_lines": 18, "num_statements": 18, "percent_covered": 100.0, "percent_covered_display": "100.00", "missing_lines": 0, "excluded_lines": 0}, "missing_lines": [], "excluded_lines": []}}}}, "totals": {"covered_lines": 1217, "num_statements": 1376, "percent_covered": 88.44476744186046, "percent_covered_display": "88.44", "missing_lines": 159, "excluded_lines": 0}}